<?xml version="1.0" encoding="UTF-8"?>
<testsuite name="org.apache.activemq.store.kahadb.JournalArchiveTest" time="12.2" tests="2" errors="1" skipped="0" failures="1">
  <properties>
    <property name="idea.version" value="2018.3.6"/>
    <property name="java.runtime.name" value="Java(TM) SE Runtime Environment"/>
    <property name="sun.boot.library.path" value="C:\Program Files\Java\jdk1.8.0_201\jre\bin"/>
    <property name="java.vm.version" value="25.201-b09"/>
    <property name="java.vm.vendor" value="Oracle Corporation"/>
    <property name="maven.multiModuleProjectDirectory" value="F:\work\private\activemq-parent-5.15.9"/>
    <property name="java.vendor.url" value="http://java.oracle.com/"/>
    <property name="path.separator" value=";"/>
    <property name="guice.disable.misplaced.annotation.check" value="true"/>
    <property name="java.vm.name" value="Java HotSpot(TM) 64-Bit Server VM"/>
    <property name="file.encoding.pkg" value="sun.io"/>
    <property name="user.script" value=""/>
    <property name="user.country" value="CN"/>
    <property name="sun.java.launcher" value="SUN_STANDARD"/>
    <property name="sun.os.patch.level" value="Service Pack 1"/>
    <property name="java.vm.specification.name" value="Java Virtual Machine Specification"/>
    <property name="user.dir" value="F:\work\private\activemq-parent-5.15.9"/>
    <property name="java.runtime.version" value="1.8.0_201-b09"/>
    <property name="java.awt.graphicsenv" value="sun.awt.Win32GraphicsEnvironment"/>
    <property name="java.endorsed.dirs" value="C:\Program Files\Java\jdk1.8.0_201\jre\lib\endorsed"/>
    <property name="os.arch" value="amd64"/>
    <property name="java.io.tmpdir" value="C:\Users\ADMINI~1\AppData\Local\Temp\"/>
    <property name="line.separator" value="&#10;"/>
    <property name="java.vm.specification.vendor" value="Oracle Corporation"/>
    <property name="user.variant" value=""/>
    <property name="os.name" value="Windows 7"/>
    <property name="classworlds.conf" value="F:\work\Program Files\JetBrains\IntelliJ IDEA 2018.3.5\plugins\maven\lib\maven3\bin\m2.conf"/>
    <property name="sun.jnu.encoding" value="GBK"/>
    <property name="java.library.path" value="C:\Program Files\Java\jdk1.8.0_201\bin;C:\Windows\Sun\Java\bin;C:\Windows\system32;C:\Windows;F:\work\Program Files\apache-maven-3.6.1\bin;F:\work\private\Redis-x64-3.2.100;F:\work\SDK\build-tools\26.0.2;C:\Python27;F:\work\SDK\platform-tools;C:\Program Files\Java\jdk1.8.0_201\bin;C:\Program Files\Java\jdk1.8.0_201\jre\bin;C:\Program Files (x86)\Common Files\Oracle\Java\javapath;C:\Windows\system32;C:\Windows;C:\Windows\System32\Wbem;C:\Windows\System32\WindowsPowerShell\v1.0\;C:\Program Files\TortoiseSVN\bin;F:\work\Program Files\Git\cmd;C:\Program Files\010 Editor;;."/>
    <property name="java.specification.name" value="Java Platform API Specification"/>
    <property name="java.class.version" value="52.0"/>
    <property name="sun.management.compiler" value="HotSpot 64-Bit Tiered Compilers"/>
    <property name="os.version" value="6.1"/>
    <property name="user.home" value="C:\Users\Administrator"/>
    <property name="user.timezone" value="Asia/Shanghai"/>
    <property name="java.awt.printerjob" value="sun.awt.windows.WPrinterJob"/>
    <property name="java.specification.version" value="1.8"/>
    <property name="file.encoding" value="GBK"/>
    <property name="user.name" value="Administrator"/>
    <property name="java.class.path" value="F:\work\Program Files\JetBrains\IntelliJ IDEA 2018.3.5\plugins\maven\lib\maven3\boot\plexus-classworlds-2.5.2.jar;F:\work\Program Files\JetBrains\IntelliJ IDEA 2018.3.5\lib\idea_rt.jar"/>
    <property name="java.vm.specification.version" value="1.8"/>
    <property name="sun.arch.data.model" value="64"/>
    <property name="java.home" value="C:\Program Files\Java\jdk1.8.0_201\jre"/>
    <property name="sun.java.command" value="org.codehaus.classworlds.Launcher -Didea.version=2018.3.6 install"/>
    <property name="java.specification.vendor" value="Oracle Corporation"/>
    <property name="user.language" value="zh"/>
    <property name="awt.toolkit" value="sun.awt.windows.WToolkit"/>
    <property name="java.vm.info" value="mixed mode"/>
    <property name="java.version" value="1.8.0_201"/>
    <property name="java.ext.dirs" value="C:\Program Files\Java\jdk1.8.0_201\jre\lib\ext;C:\Windows\Sun\Java\lib\ext"/>
    <property name="sun.boot.class.path" value="C:\Program Files\Java\jdk1.8.0_201\jre\lib\resources.jar;C:\Program Files\Java\jdk1.8.0_201\jre\lib\rt.jar;C:\Program Files\Java\jdk1.8.0_201\jre\lib\sunrsasign.jar;C:\Program Files\Java\jdk1.8.0_201\jre\lib\jsse.jar;C:\Program Files\Java\jdk1.8.0_201\jre\lib\jce.jar;C:\Program Files\Java\jdk1.8.0_201\jre\lib\charsets.jar;C:\Program Files\Java\jdk1.8.0_201\jre\lib\jfr.jar;C:\Program Files\Java\jdk1.8.0_201\jre\classes"/>
    <property name="java.vendor" value="Oracle Corporation"/>
    <property name="maven.home" value="F:\work\Program Files\JetBrains\IntelliJ IDEA 2018.3.5\plugins\maven\lib\maven3"/>
    <property name="file.separator" value="\"/>
    <property name="java.vendor.url.bug" value="http://bugreport.sun.com/bugreport/"/>
    <property name="sun.cpu.endian" value="little"/>
    <property name="sun.io.unicode.encoding" value="UnicodeLittle"/>
    <property name="sun.desktop" value="windows"/>
    <property name="sun.cpu.isalist" value="amd64"/>
  </properties>
  <testcase name="testRecoveryOnArchiveFailure" classname="org.apache.activemq.store.kahadb.JournalArchiveTest" time="6.095">
    <failure message="Failed to restart after failure to archive" type="java.lang.AssertionError">java.lang.AssertionError: Failed to restart after failure to archive
	at org.junit.Assert.fail(Assert.java:88)
	at org.apache.activemq.store.kahadb.JournalArchiveTest.testRecoveryOnArchiveFailure(JournalArchiveTest.java:168)
</failure>
    <system-out><![CDATA[2019-07-27 13:50:06,596 [main           ] - INFO  JournalArchiveTest             - Starting broker..
2019-07-27 13:50:06,846 [main           ] - INFO  BrokerService                  - Using Persistence Adapter: KahaDBPersistenceAdapter[F:\work\private\activemq-parent-5.15.9\activemq-kahadb-store\target\activemq-data\localhost\KahaDB]
2019-07-27 13:50:06,866 [JMX connector  ] - INFO  ManagementContext              - JMX consoles can connect to service:jmx:rmi:///jndi/rmi://localhost:1099/jmxrmi
2019-07-27 13:50:06,956 [main           ] - INFO  MessageDatabase                - Persistence store purged.
2019-07-27 13:50:07,820 [main           ] - INFO  PListStoreImpl                 - PListStore:[F:\work\private\activemq-parent-5.15.9\activemq-kahadb-store\target\activemq-data\localhost\tmp_storage] started
2019-07-27 13:50:08,131 [main           ] - INFO  BrokerService                  - Apache ActiveMQ 5.15.9 (localhost, ID:PC201812101620-50069-1564206607870-0:1) is starting
2019-07-27 13:50:08,161 [main           ] - INFO  BrokerService                  - Apache ActiveMQ 5.15.9 (localhost, ID:PC201812101620-50069-1564206607870-0:1) started
2019-07-27 13:50:08,161 [main           ] - INFO  BrokerService                  - For help or more information please see: http://activemq.apache.org
2019-07-27 13:50:08,331 [main           ] - INFO  TransportConnector             - Connector vm://localhost started
2019-07-27 13:50:10,878 [main           ] - INFO  TransportConnector             - Connector vm://localhost stopped
2019-07-27 13:50:10,878 [main           ] - INFO  JournalArchiveTest             - Num journal files: 7
2019-07-27 13:50:10,888 [main           ] - INFO  TransportConnector             - Connector vm://localhost started
2019-07-27 13:50:11,069 [main           ] - INFO  TransportConnector             - Connector vm://localhost stopped
2019-07-27 13:50:11,740 [eckpoint Worker] - ERROR MessageDatabase                - Checkpoint failed
java.lang.SecurityException: No Perms to write to archive times:5
	at org.apache.activemq.store.kahadb.JournalArchiveTest$1.checkWrite(JournalArchiveTest.java:128)
	at java.io.File.renameTo(File.java:1389)
	at org.apache.activemq.util.IOHelper.moveFile(IOHelper.java:191)
	at org.apache.activemq.store.kahadb.disk.journal.DataFile.move(DataFile.java:107)
	at org.apache.activemq.store.kahadb.disk.journal.Journal.forceRemoveDataFile(Journal.java:830)
	at org.apache.activemq.store.kahadb.disk.journal.Journal.removeDataFiles(Journal.java:809)
	at org.apache.activemq.store.kahadb.MessageDatabase.checkpointUpdate(MessageDatabase.java:1751)
	at org.apache.activemq.store.kahadb.MessageDatabase.checkpointCleanup(MessageDatabase.java:1085)
	at org.apache.activemq.store.kahadb.MessageDatabase$CheckpointRunner.run(MessageDatabase.java:438)
	at java.util.concurrent.Executors$RunnableAdapter.call(Executors.java:511)
	at java.util.concurrent.FutureTask.runAndReset(FutureTask.java:308)
	at java.util.concurrent.ScheduledThreadPoolExecutor$ScheduledFutureTask.access$301(ScheduledThreadPoolExecutor.java:180)
	at java.util.concurrent.ScheduledThreadPoolExecutor$ScheduledFutureTask.run(ScheduledThreadPoolExecutor.java:294)
	at java.util.concurrent.ThreadPoolExecutor.runWorker(ThreadPoolExecutor.java:1149)
	at java.util.concurrent.ThreadPoolExecutor$Worker.run(ThreadPoolExecutor.java:624)
	at java.lang.Thread.run(Thread.java:748)
2019-07-27 13:50:11,760 [eckpoint Worker] - INFO  DefaultIOExceptionHandler      - Stopping BrokerService[localhost] due to exception, java.io.IOException: No Perms to write to archive times:5
java.io.IOException: No Perms to write to archive times:5
	at org.apache.activemq.util.IOExceptionSupport.create(IOExceptionSupport.java:40)
	at org.apache.activemq.store.kahadb.MessageDatabase$CheckpointRunner.run(MessageDatabase.java:451)
	at java.util.concurrent.Executors$RunnableAdapter.call(Executors.java:511)
	at java.util.concurrent.FutureTask.runAndReset(FutureTask.java:308)
	at java.util.concurrent.ScheduledThreadPoolExecutor$ScheduledFutureTask.access$301(ScheduledThreadPoolExecutor.java:180)
	at java.util.concurrent.ScheduledThreadPoolExecutor$ScheduledFutureTask.run(ScheduledThreadPoolExecutor.java:294)
	at java.util.concurrent.ThreadPoolExecutor.runWorker(ThreadPoolExecutor.java:1149)
	at java.util.concurrent.ThreadPoolExecutor$Worker.run(ThreadPoolExecutor.java:624)
	at java.lang.Thread.run(Thread.java:748)
Caused by: java.lang.SecurityException: No Perms to write to archive times:5
	at org.apache.activemq.store.kahadb.JournalArchiveTest$1.checkWrite(JournalArchiveTest.java:128)
	at java.io.File.renameTo(File.java:1389)
	at org.apache.activemq.util.IOHelper.moveFile(IOHelper.java:191)
	at org.apache.activemq.store.kahadb.disk.journal.DataFile.move(DataFile.java:107)
	at org.apache.activemq.store.kahadb.disk.journal.Journal.forceRemoveDataFile(Journal.java:830)
	at org.apache.activemq.store.kahadb.disk.journal.Journal.removeDataFiles(Journal.java:809)
	at org.apache.activemq.store.kahadb.MessageDatabase.checkpointUpdate(MessageDatabase.java:1751)
	at org.apache.activemq.store.kahadb.MessageDatabase.checkpointCleanup(MessageDatabase.java:1085)
	at org.apache.activemq.store.kahadb.MessageDatabase$CheckpointRunner.run(MessageDatabase.java:438)
	... 7 more
2019-07-27 13:50:11,760 [vice[localhost]] - INFO  BrokerService                  - Apache ActiveMQ 5.15.9 (localhost, ID:PC201812101620-50069-1564206607870-0:1) is shutting down
2019-07-27 13:50:11,770 [vice[localhost]] - INFO  PListStoreImpl                 - PListStore:[F:\work\private\activemq-parent-5.15.9\activemq-kahadb-store\target\activemq-data\localhost\tmp_storage] stopped
2019-07-27 13:50:11,770 [vice[localhost]] - INFO  KahaDBStore                    - Stopping async queue tasks
2019-07-27 13:50:11,770 [vice[localhost]] - INFO  KahaDBStore                    - Stopping async topic tasks
2019-07-27 13:50:11,770 [vice[localhost]] - INFO  KahaDBStore                    - Stopped KahaDB
2019-07-27 13:50:11,890 [vice[localhost]] - ERROR KahaDBStore                    - Could not stop service: KahaDB:[F:\work\private\activemq-parent-5.15.9\activemq-kahadb-store\target\activemq-data\localhost\KahaDB]. Reason: java.lang.SecurityException: No Perms to write to archive times:6
java.lang.SecurityException: No Perms to write to archive times:6
	at org.apache.activemq.store.kahadb.JournalArchiveTest$1.checkWrite(JournalArchiveTest.java:128)
	at java.io.File.renameTo(File.java:1389)
	at org.apache.activemq.util.IOHelper.moveFile(IOHelper.java:191)
	at org.apache.activemq.store.kahadb.disk.journal.DataFile.move(DataFile.java:107)
	at org.apache.activemq.store.kahadb.disk.journal.Journal.forceRemoveDataFile(Journal.java:830)
	at org.apache.activemq.store.kahadb.disk.journal.Journal.removeDataFiles(Journal.java:809)
	at org.apache.activemq.store.kahadb.MessageDatabase.checkpointUpdate(MessageDatabase.java:1751)
	at org.apache.activemq.store.kahadb.MessageDatabase.close(MessageDatabase.java:514)
	at org.apache.activemq.store.kahadb.MessageDatabase.unload(MessageDatabase.java:553)
	at org.apache.activemq.store.kahadb.MessageDatabase.doStop(MessageDatabase.java:311)
	at org.apache.activemq.store.kahadb.KahaDBStore.doStop(KahaDBStore.java:309)
	at org.apache.activemq.util.ServiceSupport.stop(ServiceSupport.java:71)
	at org.apache.activemq.store.kahadb.KahaDBPersistenceAdapter.doStop(KahaDBPersistenceAdapter.java:262)
	at org.apache.activemq.util.ServiceSupport.stop(ServiceSupport.java:71)
	at org.apache.activemq.util.ServiceStopper.stop(ServiceStopper.java:41)
	at org.apache.activemq.broker.BrokerService.stop(BrokerService.java:869)
	at org.apache.activemq.util.DefaultIOExceptionHandler$2.run(DefaultIOExceptionHandler.java:188)
2019-07-27 13:50:11,890 [vice[localhost]] - ERROR KahaDBPersistenceAdapter       - Could not stop service: KahaDBPersistenceAdapter[F:\work\private\activemq-parent-5.15.9\activemq-kahadb-store\target\activemq-data\localhost\KahaDB,Index:F:\work\private\activemq-parent-5.15.9\activemq-kahadb-store\target\activemq-data\localhost\KahaDB]. Reason: java.lang.SecurityException: No Perms to write to archive times:6
java.lang.SecurityException: No Perms to write to archive times:6
	at org.apache.activemq.store.kahadb.JournalArchiveTest$1.checkWrite(JournalArchiveTest.java:128)
	at java.io.File.renameTo(File.java:1389)
	at org.apache.activemq.util.IOHelper.moveFile(IOHelper.java:191)
	at org.apache.activemq.store.kahadb.disk.journal.DataFile.move(DataFile.java:107)
	at org.apache.activemq.store.kahadb.disk.journal.Journal.forceRemoveDataFile(Journal.java:830)
	at org.apache.activemq.store.kahadb.disk.journal.Journal.removeDataFiles(Journal.java:809)
	at org.apache.activemq.store.kahadb.MessageDatabase.checkpointUpdate(MessageDatabase.java:1751)
	at org.apache.activemq.store.kahadb.MessageDatabase.close(MessageDatabase.java:514)
	at org.apache.activemq.store.kahadb.MessageDatabase.unload(MessageDatabase.java:553)
	at org.apache.activemq.store.kahadb.MessageDatabase.doStop(MessageDatabase.java:311)
	at org.apache.activemq.store.kahadb.KahaDBStore.doStop(KahaDBStore.java:309)
	at org.apache.activemq.util.ServiceSupport.stop(ServiceSupport.java:71)
	at org.apache.activemq.store.kahadb.KahaDBPersistenceAdapter.doStop(KahaDBPersistenceAdapter.java:262)
	at org.apache.activemq.util.ServiceSupport.stop(ServiceSupport.java:71)
	at org.apache.activemq.util.ServiceStopper.stop(ServiceStopper.java:41)
	at org.apache.activemq.broker.BrokerService.stop(BrokerService.java:869)
	at org.apache.activemq.util.DefaultIOExceptionHandler$2.run(DefaultIOExceptionHandler.java:188)
2019-07-27 13:50:11,890 [vice[localhost]] - ERROR KahaDBPersistenceAdapter       - Could not stop service: KahaDBPersistenceAdapter[F:\work\private\activemq-parent-5.15.9\activemq-kahadb-store\target\activemq-data\localhost\KahaDB,Index:F:\work\private\activemq-parent-5.15.9\activemq-kahadb-store\target\activemq-data\localhost\KahaDB]. Reason: java.lang.SecurityException: No Perms to write to archive times:6
java.lang.SecurityException: No Perms to write to archive times:6
	at org.apache.activemq.store.kahadb.JournalArchiveTest$1.checkWrite(JournalArchiveTest.java:128)
	at java.io.File.renameTo(File.java:1389)
	at org.apache.activemq.util.IOHelper.moveFile(IOHelper.java:191)
	at org.apache.activemq.store.kahadb.disk.journal.DataFile.move(DataFile.java:107)
	at org.apache.activemq.store.kahadb.disk.journal.Journal.forceRemoveDataFile(Journal.java:830)
	at org.apache.activemq.store.kahadb.disk.journal.Journal.removeDataFiles(Journal.java:809)
	at org.apache.activemq.store.kahadb.MessageDatabase.checkpointUpdate(MessageDatabase.java:1751)
	at org.apache.activemq.store.kahadb.MessageDatabase.close(MessageDatabase.java:514)
	at org.apache.activemq.store.kahadb.MessageDatabase.unload(MessageDatabase.java:553)
	at org.apache.activemq.store.kahadb.MessageDatabase.doStop(MessageDatabase.java:311)
	at org.apache.activemq.store.kahadb.KahaDBStore.doStop(KahaDBStore.java:309)
	at org.apache.activemq.util.ServiceSupport.stop(ServiceSupport.java:71)
	at org.apache.activemq.store.kahadb.KahaDBPersistenceAdapter.doStop(KahaDBPersistenceAdapter.java:262)
	at org.apache.activemq.util.ServiceSupport.stop(ServiceSupport.java:71)
	at org.apache.activemq.util.ServiceStopper.stop(ServiceStopper.java:41)
	at org.apache.activemq.broker.BrokerService.stop(BrokerService.java:869)
	at org.apache.activemq.util.DefaultIOExceptionHandler$2.run(DefaultIOExceptionHandler.java:188)
2019-07-27 13:50:11,940 [vice[localhost]] - INFO  BrokerService                  - Apache ActiveMQ 5.15.9 (localhost, ID:PC201812101620-50069-1564206607870-0:1) uptime 5.334 seconds
2019-07-27 13:50:11,940 [vice[localhost]] - INFO  BrokerService                  - Apache ActiveMQ 5.15.9 (localhost, ID:PC201812101620-50069-1564206607870-0:1) is shutdown
2019-07-27 13:50:11,940 [vice[localhost]] - WARN  DefaultIOExceptionHandler      - Failure occurred while stopping broker
java.lang.SecurityException: No Perms to write to archive times:6
	at org.apache.activemq.store.kahadb.JournalArchiveTest$1.checkWrite(JournalArchiveTest.java:128)
	at java.io.File.renameTo(File.java:1389)
	at org.apache.activemq.util.IOHelper.moveFile(IOHelper.java:191)
	at org.apache.activemq.store.kahadb.disk.journal.DataFile.move(DataFile.java:107)
	at org.apache.activemq.store.kahadb.disk.journal.Journal.forceRemoveDataFile(Journal.java:830)
	at org.apache.activemq.store.kahadb.disk.journal.Journal.removeDataFiles(Journal.java:809)
	at org.apache.activemq.store.kahadb.MessageDatabase.checkpointUpdate(MessageDatabase.java:1751)
	at org.apache.activemq.store.kahadb.MessageDatabase.close(MessageDatabase.java:514)
	at org.apache.activemq.store.kahadb.MessageDatabase.unload(MessageDatabase.java:553)
	at org.apache.activemq.store.kahadb.MessageDatabase.doStop(MessageDatabase.java:311)
	at org.apache.activemq.store.kahadb.KahaDBStore.doStop(KahaDBStore.java:309)
	at org.apache.activemq.util.ServiceSupport.stop(ServiceSupport.java:71)
	at org.apache.activemq.store.kahadb.KahaDBPersistenceAdapter.doStop(KahaDBPersistenceAdapter.java:262)
	at org.apache.activemq.util.ServiceSupport.stop(ServiceSupport.java:71)
	at org.apache.activemq.util.ServiceStopper.stop(ServiceStopper.java:41)
	at org.apache.activemq.broker.BrokerService.stop(BrokerService.java:869)
	at org.apache.activemq.util.DefaultIOExceptionHandler$2.run(DefaultIOExceptionHandler.java:188)
2019-07-27 13:50:11,940 [main           ] - INFO  JournalArchiveTest             - Starting broker..
2019-07-27 13:50:11,950 [main           ] - INFO  BrokerService                  - Using Persistence Adapter: KahaDBPersistenceAdapter[F:\work\private\activemq-parent-5.15.9\activemq-kahadb-store\target\activemq-data\localhost\KahaDB]
2019-07-27 13:50:11,950 [JMX connector  ] - INFO  ManagementContext              - JMX consoles can connect to service:jmx:rmi:///jndi/rmi://localhost:1099/jmxrmi
2019-07-27 13:50:12,051 [e Page Recovery] - INFO  PageFile                       - Page File: target\activemq-data\localhost\KahaDB\db.data. Recovering pageFile free list due to prior unclean shutdown..
2019-07-27 13:50:12,051 [main           ] - INFO  MessageDatabase                - KahaDB is version 6
2019-07-27 13:50:12,051 [e Page Recovery] - INFO  PageFile                       - Page File: target\activemq-data\localhost\KahaDB\db.data. Recovered pageFile free list of size: 0
2019-07-27 13:50:12,071 [main           ] - INFO  PListStoreImpl                 - PListStore:[F:\work\private\activemq-parent-5.15.9\activemq-kahadb-store\target\activemq-data\localhost\tmp_storage] started
2019-07-27 13:50:12,071 [main           ] - INFO  BrokerService                  - Apache ActiveMQ 5.15.9 (localhost, ID:PC201812101620-50069-1564206607870-0:2) is starting
2019-07-27 13:50:12,081 [main           ] - INFO  BrokerService                  - Apache ActiveMQ 5.15.9 (localhost, ID:PC201812101620-50069-1564206607870-0:2) started
2019-07-27 13:50:12,081 [main           ] - INFO  BrokerService                  - For help or more information please see: http://activemq.apache.org
2019-07-27 13:50:12,101 [main           ] - INFO  JournalArchiveTest             - Num journal files before gc: 5
2019-07-27 13:50:12,211 [main           ] - ERROR JournalArchiveTest             - Failed to restart!
java.io.IOException: Failed to move target\activemq-data\localhost\KahaDB\db-6.log to F:\work\private\activemq-parent-5.15.9\activemq-kahadb-store\target\activemq-data\localhost\KahaDB\data-archive - target\activemq-data\localhost\KahaDB\db-6.log -> F:\work\private\activemq-parent-5.15.9\activemq-kahadb-store\target\activemq-data\localhost\KahaDB\data-archive\db-6.log: 另一个程序正在使用此文件，进程无法访问。

	at org.apache.activemq.util.IOHelper.moveFile(IOHelper.java:200)
	at org.apache.activemq.store.kahadb.disk.journal.DataFile.move(DataFile.java:107)
	at org.apache.activemq.store.kahadb.disk.journal.Journal.forceRemoveDataFile(Journal.java:830)
	at org.apache.activemq.store.kahadb.disk.journal.Journal.removeDataFiles(Journal.java:809)
	at org.apache.activemq.store.kahadb.MessageDatabase.checkpointUpdate(MessageDatabase.java:1751)
	at org.apache.activemq.store.kahadb.MessageDatabase.checkpointCleanup(MessageDatabase.java:1085)
	at org.apache.activemq.store.kahadb.KahaDBStore.checkpoint(KahaDBStore.java:1270)
	at org.apache.activemq.store.kahadb.JournalArchiveTest.testRecoveryOnArchiveFailure(JournalArchiveTest.java:164)
	at sun.reflect.NativeMethodAccessorImpl.invoke0(Native Method)
	at sun.reflect.NativeMethodAccessorImpl.invoke(NativeMethodAccessorImpl.java:62)
	at sun.reflect.DelegatingMethodAccessorImpl.invoke(DelegatingMethodAccessorImpl.java:43)
	at java.lang.reflect.Method.invoke(Method.java:498)
	at org.junit.runners.model.FrameworkMethod$1.runReflectiveCall(FrameworkMethod.java:50)
	at org.junit.internal.runners.model.ReflectiveCallable.run(ReflectiveCallable.java:12)
	at org.junit.runners.model.FrameworkMethod.invokeExplosively(FrameworkMethod.java:47)
	at org.junit.internal.runners.statements.InvokeMethod.evaluate(InvokeMethod.java:17)
	at org.junit.internal.runners.statements.RunAfters.evaluate(RunAfters.java:27)
	at org.junit.runners.ParentRunner.runLeaf(ParentRunner.java:325)
	at org.junit.runners.BlockJUnit4ClassRunner.runChild(BlockJUnit4ClassRunner.java:78)
	at org.junit.runners.BlockJUnit4ClassRunner.runChild(BlockJUnit4ClassRunner.java:57)
	at org.junit.runners.ParentRunner$3.run(ParentRunner.java:290)
	at org.junit.runners.ParentRunner$1.schedule(ParentRunner.java:71)
	at org.junit.runners.ParentRunner.runChildren(ParentRunner.java:288)
	at org.junit.runners.ParentRunner.access$000(ParentRunner.java:58)
	at org.junit.runners.ParentRunner$2.evaluate(ParentRunner.java:268)
	at org.junit.runners.ParentRunner.run(ParentRunner.java:363)
	at org.apache.maven.surefire.junit4.JUnit4Provider.execute(JUnit4Provider.java:264)
	at org.apache.maven.surefire.junit4.JUnit4Provider.executeTestSet(JUnit4Provider.java:153)
	at org.apache.maven.surefire.junit4.JUnit4Provider.invoke(JUnit4Provider.java:124)
	at org.apache.maven.surefire.booter.ForkedBooter.invokeProviderInSameClassLoader(ForkedBooter.java:200)
	at org.apache.maven.surefire.booter.ForkedBooter.runSuitesInProcess(ForkedBooter.java:153)
	at org.apache.maven.surefire.booter.ForkedBooter.main(ForkedBooter.java:103)
2019-07-27 13:50:12,211 [main           ] - INFO  BrokerService                  - Apache ActiveMQ 5.15.9 (localhost, ID:PC201812101620-50069-1564206607870-0:2) is shutting down
2019-07-27 13:50:12,221 [main           ] - INFO  PListStoreImpl                 - PListStore:[F:\work\private\activemq-parent-5.15.9\activemq-kahadb-store\target\activemq-data\localhost\tmp_storage] stopped
2019-07-27 13:50:12,221 [main           ] - INFO  KahaDBStore                    - Stopping async queue tasks
2019-07-27 13:50:12,221 [main           ] - INFO  KahaDBStore                    - Stopping async topic tasks
2019-07-27 13:50:12,221 [main           ] - INFO  KahaDBStore                    - Stopped KahaDB
2019-07-27 13:50:12,311 [main           ] - ERROR KahaDBStore                    - Could not stop service: KahaDB:[F:\work\private\activemq-parent-5.15.9\activemq-kahadb-store\target\activemq-data\localhost\KahaDB]. Reason: java.io.IOException: Failed to move target\activemq-data\localhost\KahaDB\db-7.log to F:\work\private\activemq-parent-5.15.9\activemq-kahadb-store\target\activemq-data\localhost\KahaDB\data-archive - target\activemq-data\localhost\KahaDB\db-7.log -> F:\work\private\activemq-parent-5.15.9\activemq-kahadb-store\target\activemq-data\localhost\KahaDB\data-archive\db-7.log: 另一个程序正在使用此文件，进程无法访问。

java.io.IOException: Failed to move target\activemq-data\localhost\KahaDB\db-7.log to F:\work\private\activemq-parent-5.15.9\activemq-kahadb-store\target\activemq-data\localhost\KahaDB\data-archive - target\activemq-data\localhost\KahaDB\db-7.log -> F:\work\private\activemq-parent-5.15.9\activemq-kahadb-store\target\activemq-data\localhost\KahaDB\data-archive\db-7.log: 另一个程序正在使用此文件，进程无法访问。

	at org.apache.activemq.util.IOHelper.moveFile(IOHelper.java:200)
	at org.apache.activemq.store.kahadb.disk.journal.DataFile.move(DataFile.java:107)
	at org.apache.activemq.store.kahadb.disk.journal.Journal.forceRemoveDataFile(Journal.java:830)
	at org.apache.activemq.store.kahadb.disk.journal.Journal.removeDataFiles(Journal.java:809)
	at org.apache.activemq.store.kahadb.MessageDatabase.checkpointUpdate(MessageDatabase.java:1751)
	at org.apache.activemq.store.kahadb.MessageDatabase.close(MessageDatabase.java:514)
	at org.apache.activemq.store.kahadb.MessageDatabase.unload(MessageDatabase.java:553)
	at org.apache.activemq.store.kahadb.MessageDatabase.doStop(MessageDatabase.java:311)
	at org.apache.activemq.store.kahadb.KahaDBStore.doStop(KahaDBStore.java:309)
	at org.apache.activemq.util.ServiceSupport.stop(ServiceSupport.java:71)
	at org.apache.activemq.store.kahadb.KahaDBPersistenceAdapter.doStop(KahaDBPersistenceAdapter.java:262)
	at org.apache.activemq.util.ServiceSupport.stop(ServiceSupport.java:71)
	at org.apache.activemq.util.ServiceStopper.stop(ServiceStopper.java:41)
	at org.apache.activemq.broker.BrokerService.stop(BrokerService.java:869)
	at org.apache.activemq.store.kahadb.JournalArchiveTest.tearDown(JournalArchiveTest.java:112)
	at sun.reflect.NativeMethodAccessorImpl.invoke0(Native Method)
	at sun.reflect.NativeMethodAccessorImpl.invoke(NativeMethodAccessorImpl.java:62)
	at sun.reflect.DelegatingMethodAccessorImpl.invoke(DelegatingMethodAccessorImpl.java:43)
	at java.lang.reflect.Method.invoke(Method.java:498)
	at org.junit.runners.model.FrameworkMethod$1.runReflectiveCall(FrameworkMethod.java:50)
	at org.junit.internal.runners.model.ReflectiveCallable.run(ReflectiveCallable.java:12)
	at org.junit.runners.model.FrameworkMethod.invokeExplosively(FrameworkMethod.java:47)
	at org.junit.internal.runners.statements.RunAfters.evaluate(RunAfters.java:33)
	at org.junit.runners.ParentRunner.runLeaf(ParentRunner.java:325)
	at org.junit.runners.BlockJUnit4ClassRunner.runChild(BlockJUnit4ClassRunner.java:78)
	at org.junit.runners.BlockJUnit4ClassRunner.runChild(BlockJUnit4ClassRunner.java:57)
	at org.junit.runners.ParentRunner$3.run(ParentRunner.java:290)
	at org.junit.runners.ParentRunner$1.schedule(ParentRunner.java:71)
	at org.junit.runners.ParentRunner.runChildren(ParentRunner.java:288)
	at org.junit.runners.ParentRunner.access$000(ParentRunner.java:58)
	at org.junit.runners.ParentRunner$2.evaluate(ParentRunner.java:268)
	at org.junit.runners.ParentRunner.run(ParentRunner.java:363)
	at org.apache.maven.surefire.junit4.JUnit4Provider.execute(JUnit4Provider.java:264)
	at org.apache.maven.surefire.junit4.JUnit4Provider.executeTestSet(JUnit4Provider.java:153)
	at org.apache.maven.surefire.junit4.JUnit4Provider.invoke(JUnit4Provider.java:124)
	at org.apache.maven.surefire.booter.ForkedBooter.invokeProviderInSameClassLoader(ForkedBooter.java:200)
	at org.apache.maven.surefire.booter.ForkedBooter.runSuitesInProcess(ForkedBooter.java:153)
	at org.apache.maven.surefire.booter.ForkedBooter.main(ForkedBooter.java:103)
2019-07-27 13:50:12,311 [main           ] - ERROR KahaDBPersistenceAdapter       - Could not stop service: KahaDBPersistenceAdapter[F:\work\private\activemq-parent-5.15.9\activemq-kahadb-store\target\activemq-data\localhost\KahaDB,Index:F:\work\private\activemq-parent-5.15.9\activemq-kahadb-store\target\activemq-data\localhost\KahaDB]. Reason: java.io.IOException: Failed to move target\activemq-data\localhost\KahaDB\db-7.log to F:\work\private\activemq-parent-5.15.9\activemq-kahadb-store\target\activemq-data\localhost\KahaDB\data-archive - target\activemq-data\localhost\KahaDB\db-7.log -> F:\work\private\activemq-parent-5.15.9\activemq-kahadb-store\target\activemq-data\localhost\KahaDB\data-archive\db-7.log: 另一个程序正在使用此文件，进程无法访问。

java.io.IOException: Failed to move target\activemq-data\localhost\KahaDB\db-7.log to F:\work\private\activemq-parent-5.15.9\activemq-kahadb-store\target\activemq-data\localhost\KahaDB\data-archive - target\activemq-data\localhost\KahaDB\db-7.log -> F:\work\private\activemq-parent-5.15.9\activemq-kahadb-store\target\activemq-data\localhost\KahaDB\data-archive\db-7.log: 另一个程序正在使用此文件，进程无法访问。

	at org.apache.activemq.util.IOHelper.moveFile(IOHelper.java:200)
	at org.apache.activemq.store.kahadb.disk.journal.DataFile.move(DataFile.java:107)
	at org.apache.activemq.store.kahadb.disk.journal.Journal.forceRemoveDataFile(Journal.java:830)
	at org.apache.activemq.store.kahadb.disk.journal.Journal.removeDataFiles(Journal.java:809)
	at org.apache.activemq.store.kahadb.MessageDatabase.checkpointUpdate(MessageDatabase.java:1751)
	at org.apache.activemq.store.kahadb.MessageDatabase.close(MessageDatabase.java:514)
	at org.apache.activemq.store.kahadb.MessageDatabase.unload(MessageDatabase.java:553)
	at org.apache.activemq.store.kahadb.MessageDatabase.doStop(MessageDatabase.java:311)
	at org.apache.activemq.store.kahadb.KahaDBStore.doStop(KahaDBStore.java:309)
	at org.apache.activemq.util.ServiceSupport.stop(ServiceSupport.java:71)
	at org.apache.activemq.store.kahadb.KahaDBPersistenceAdapter.doStop(KahaDBPersistenceAdapter.java:262)
	at org.apache.activemq.util.ServiceSupport.stop(ServiceSupport.java:71)
	at org.apache.activemq.util.ServiceStopper.stop(ServiceStopper.java:41)
	at org.apache.activemq.broker.BrokerService.stop(BrokerService.java:869)
	at org.apache.activemq.store.kahadb.JournalArchiveTest.tearDown(JournalArchiveTest.java:112)
	at sun.reflect.NativeMethodAccessorImpl.invoke0(Native Method)
	at sun.reflect.NativeMethodAccessorImpl.invoke(NativeMethodAccessorImpl.java:62)
	at sun.reflect.DelegatingMethodAccessorImpl.invoke(DelegatingMethodAccessorImpl.java:43)
	at java.lang.reflect.Method.invoke(Method.java:498)
	at org.junit.runners.model.FrameworkMethod$1.runReflectiveCall(FrameworkMethod.java:50)
	at org.junit.internal.runners.model.ReflectiveCallable.run(ReflectiveCallable.java:12)
	at org.junit.runners.model.FrameworkMethod.invokeExplosively(FrameworkMethod.java:47)
	at org.junit.internal.runners.statements.RunAfters.evaluate(RunAfters.java:33)
	at org.junit.runners.ParentRunner.runLeaf(ParentRunner.java:325)
	at org.junit.runners.BlockJUnit4ClassRunner.runChild(BlockJUnit4ClassRunner.java:78)
	at org.junit.runners.BlockJUnit4ClassRunner.runChild(BlockJUnit4ClassRunner.java:57)
	at org.junit.runners.ParentRunner$3.run(ParentRunner.java:290)
	at org.junit.runners.ParentRunner$1.schedule(ParentRunner.java:71)
	at org.junit.runners.ParentRunner.runChildren(ParentRunner.java:288)
	at org.junit.runners.ParentRunner.access$000(ParentRunner.java:58)
	at org.junit.runners.ParentRunner$2.evaluate(ParentRunner.java:268)
	at org.junit.runners.ParentRunner.run(ParentRunner.java:363)
	at org.apache.maven.surefire.junit4.JUnit4Provider.execute(JUnit4Provider.java:264)
	at org.apache.maven.surefire.junit4.JUnit4Provider.executeTestSet(JUnit4Provider.java:153)
	at org.apache.maven.surefire.junit4.JUnit4Provider.invoke(JUnit4Provider.java:124)
	at org.apache.maven.surefire.booter.ForkedBooter.invokeProviderInSameClassLoader(ForkedBooter.java:200)
	at org.apache.maven.surefire.booter.ForkedBooter.runSuitesInProcess(ForkedBooter.java:153)
	at org.apache.maven.surefire.booter.ForkedBooter.main(ForkedBooter.java:103)
2019-07-27 13:50:12,311 [main           ] - ERROR KahaDBPersistenceAdapter       - Could not stop service: KahaDBPersistenceAdapter[F:\work\private\activemq-parent-5.15.9\activemq-kahadb-store\target\activemq-data\localhost\KahaDB,Index:F:\work\private\activemq-parent-5.15.9\activemq-kahadb-store\target\activemq-data\localhost\KahaDB]. Reason: java.io.IOException: Failed to move target\activemq-data\localhost\KahaDB\db-7.log to F:\work\private\activemq-parent-5.15.9\activemq-kahadb-store\target\activemq-data\localhost\KahaDB\data-archive - target\activemq-data\localhost\KahaDB\db-7.log -> F:\work\private\activemq-parent-5.15.9\activemq-kahadb-store\target\activemq-data\localhost\KahaDB\data-archive\db-7.log: 另一个程序正在使用此文件，进程无法访问。

java.io.IOException: Failed to move target\activemq-data\localhost\KahaDB\db-7.log to F:\work\private\activemq-parent-5.15.9\activemq-kahadb-store\target\activemq-data\localhost\KahaDB\data-archive - target\activemq-data\localhost\KahaDB\db-7.log -> F:\work\private\activemq-parent-5.15.9\activemq-kahadb-store\target\activemq-data\localhost\KahaDB\data-archive\db-7.log: 另一个程序正在使用此文件，进程无法访问。

	at org.apache.activemq.util.IOHelper.moveFile(IOHelper.java:200)
	at org.apache.activemq.store.kahadb.disk.journal.DataFile.move(DataFile.java:107)
	at org.apache.activemq.store.kahadb.disk.journal.Journal.forceRemoveDataFile(Journal.java:830)
	at org.apache.activemq.store.kahadb.disk.journal.Journal.removeDataFiles(Journal.java:809)
	at org.apache.activemq.store.kahadb.MessageDatabase.checkpointUpdate(MessageDatabase.java:1751)
	at org.apache.activemq.store.kahadb.MessageDatabase.close(MessageDatabase.java:514)
	at org.apache.activemq.store.kahadb.MessageDatabase.unload(MessageDatabase.java:553)
	at org.apache.activemq.store.kahadb.MessageDatabase.doStop(MessageDatabase.java:311)
	at org.apache.activemq.store.kahadb.KahaDBStore.doStop(KahaDBStore.java:309)
	at org.apache.activemq.util.ServiceSupport.stop(ServiceSupport.java:71)
	at org.apache.activemq.store.kahadb.KahaDBPersistenceAdapter.doStop(KahaDBPersistenceAdapter.java:262)
	at org.apache.activemq.util.ServiceSupport.stop(ServiceSupport.java:71)
	at org.apache.activemq.util.ServiceStopper.stop(ServiceStopper.java:41)
	at org.apache.activemq.broker.BrokerService.stop(BrokerService.java:869)
	at org.apache.activemq.store.kahadb.JournalArchiveTest.tearDown(JournalArchiveTest.java:112)
	at sun.reflect.NativeMethodAccessorImpl.invoke0(Native Method)
	at sun.reflect.NativeMethodAccessorImpl.invoke(NativeMethodAccessorImpl.java:62)
	at sun.reflect.DelegatingMethodAccessorImpl.invoke(DelegatingMethodAccessorImpl.java:43)
	at java.lang.reflect.Method.invoke(Method.java:498)
	at org.junit.runners.model.FrameworkMethod$1.runReflectiveCall(FrameworkMethod.java:50)
	at org.junit.internal.runners.model.ReflectiveCallable.run(ReflectiveCallable.java:12)
	at org.junit.runners.model.FrameworkMethod.invokeExplosively(FrameworkMethod.java:47)
	at org.junit.internal.runners.statements.RunAfters.evaluate(RunAfters.java:33)
	at org.junit.runners.ParentRunner.runLeaf(ParentRunner.java:325)
	at org.junit.runners.BlockJUnit4ClassRunner.runChild(BlockJUnit4ClassRunner.java:78)
	at org.junit.runners.BlockJUnit4ClassRunner.runChild(BlockJUnit4ClassRunner.java:57)
	at org.junit.runners.ParentRunner$3.run(ParentRunner.java:290)
	at org.junit.runners.ParentRunner$1.schedule(ParentRunner.java:71)
	at org.junit.runners.ParentRunner.runChildren(ParentRunner.java:288)
	at org.junit.runners.ParentRunner.access$000(ParentRunner.java:58)
	at org.junit.runners.ParentRunner$2.evaluate(ParentRunner.java:268)
	at org.junit.runners.ParentRunner.run(ParentRunner.java:363)
	at org.apache.maven.surefire.junit4.JUnit4Provider.execute(JUnit4Provider.java:264)
	at org.apache.maven.surefire.junit4.JUnit4Provider.executeTestSet(JUnit4Provider.java:153)
	at org.apache.maven.surefire.junit4.JUnit4Provider.invoke(JUnit4Provider.java:124)
	at org.apache.maven.surefire.booter.ForkedBooter.invokeProviderInSameClassLoader(ForkedBooter.java:200)
	at org.apache.maven.surefire.booter.ForkedBooter.runSuitesInProcess(ForkedBooter.java:153)
	at org.apache.maven.surefire.booter.ForkedBooter.main(ForkedBooter.java:103)
2019-07-27 13:50:12,321 [main           ] - INFO  BrokerService                  - Apache ActiveMQ 5.15.9 (localhost, ID:PC201812101620-50069-1564206607870-0:2) uptime 0.381 seconds
2019-07-27 13:50:12,321 [main           ] - INFO  BrokerService                  - Apache ActiveMQ 5.15.9 (localhost, ID:PC201812101620-50069-1564206607870-0:2) is shutdown
]]></system-out>
  </testcase>
  <testcase name="testRecoveryOnArchiveFailure" classname="org.apache.activemq.store.kahadb.JournalArchiveTest" time="6.105">
    <error message="Failed to move target\activemq-data\localhost\KahaDB\db-7.log to F:\work\private\activemq-parent-5.15.9\activemq-kahadb-store\target\activemq-data\localhost\KahaDB\data-archive - target\activemq-data\localhost\KahaDB\db-7.log -&gt; F:\work\private\activemq-parent-5.15.9\activemq-kahadb-store\target\activemq-data\localhost\KahaDB\data-archive\db-7.log: 另一个程序正在使用此文件，进程无法访问。&#10;" type="java.io.IOException">java.io.IOException: Failed to move target\activemq-data\localhost\KahaDB\db-7.log to F:\work\private\activemq-parent-5.15.9\activemq-kahadb-store\target\activemq-data\localhost\KahaDB\data-archive - target\activemq-data\localhost\KahaDB\db-7.log -> F:\work\private\activemq-parent-5.15.9\activemq-kahadb-store\target\activemq-data\localhost\KahaDB\data-archive\db-7.log: 另一个程序正在使用此文件，进程无法访问。

	at org.apache.activemq.util.IOHelper.moveFile(IOHelper.java:200)
	at org.apache.activemq.store.kahadb.disk.journal.DataFile.move(DataFile.java:107)
	at org.apache.activemq.store.kahadb.disk.journal.Journal.forceRemoveDataFile(Journal.java:830)
	at org.apache.activemq.store.kahadb.disk.journal.Journal.removeDataFiles(Journal.java:809)
	at org.apache.activemq.store.kahadb.MessageDatabase.checkpointUpdate(MessageDatabase.java:1751)
	at org.apache.activemq.store.kahadb.MessageDatabase.close(MessageDatabase.java:514)
	at org.apache.activemq.store.kahadb.MessageDatabase.unload(MessageDatabase.java:553)
	at org.apache.activemq.store.kahadb.MessageDatabase.doStop(MessageDatabase.java:311)
	at org.apache.activemq.store.kahadb.KahaDBStore.doStop(KahaDBStore.java:309)
	at org.apache.activemq.util.ServiceSupport.stop(ServiceSupport.java:71)
	at org.apache.activemq.store.kahadb.KahaDBPersistenceAdapter.doStop(KahaDBPersistenceAdapter.java:262)
	at org.apache.activemq.util.ServiceSupport.stop(ServiceSupport.java:71)
	at org.apache.activemq.util.ServiceStopper.stop(ServiceStopper.java:41)
	at org.apache.activemq.broker.BrokerService.stop(BrokerService.java:869)
	at org.apache.activemq.store.kahadb.JournalArchiveTest.tearDown(JournalArchiveTest.java:112)
</error>
  </testcase>
</testsuite>